<?xml version="1.0" encoding="UTF-8"?>
<Site BuildName="(empty)"
	BuildStamp="20231215-1248-Experimental"
	Name="coco-HP-Notebook"
	Generator="ctest-3.16.3"
	CompilerName="/usr/bin/c++"
	CompilerVersion="9.4.0"
	OSName="Linux"
	Hostname="coco-HP-Notebook"
	OSRelease="5.15.0-58-generic"
	OSVersion="#64~20.04.1-Ubuntu SMP Fri Jan 6 16:42:31 UTC 2023"
	OSPlatform="x86_64"
	Is64Bits="1"
	VendorString="AuthenticAMD"
	VendorID="Advanced Micro Devices"
	FamilyID="21"
	ModelID="101"
	ProcessorCacheSize="1024"
	NumberOfLogicalCPU="4"
	NumberOfPhysicalCPU="2"
	TotalVirtualMemory="2047"
	TotalPhysicalMemory="7412"
	LogicalProcessorsPerPhysical="2"
	ProcessorClockFrequency="1200"
	>
	<Testing>
		<StartDateTime>Dec 15 13:48 CET</StartDateTime>
		<StartTestTime>1702644485</StartTestTime>
		<TestList/>
		<EndDateTime>Dec 15 13:48 CET</EndDateTime>
		<EndTestTime>1702644485</EndTestTime>
		<ElapsedMinutes>0</ElapsedMinutes>
	</Testing>
</Site>
